npm verbose cli C:\Program Files\nodejs\node.exe C:\Program Files\nodejs\node_modules\npm\bin\npm-cli.js
npm info using npm@10.9.0
npm info using node@v22.12.0
npm verbose title npm install
npm verbose argv "install" "--legacy-peer-deps" "--loglevel" "verbose"
npm verbose logfile logs-max:10 dir:C:\Users\AnaLígiaBragagnolo\AppData\Local\npm-cache\_logs\2025-10-18T20_09_53_564Z-
npm verbose logfile C:\Users\AnaLígiaBragagnolo\AppData\Local\npm-cache\_logs\2025-10-18T20_09_53_564Z-debug-0.log
npm http fetch GET 200 https://registry.npmjs.org/@faker-js%2ffaker 1919ms (cache revalidated)
npm http fetch GET 200 https://registry.npmjs.org/cypress-mochawesome-reporter 124ms (cache revalidated)
npm http fetch GET 200 https://registry.npmjs.org/browserstack-cypress-cli 852ms (cache revalidated)
npm http fetch GET 200 https://registry.npmjs.org/cypress 187ms (cache revalidated)
npm http fetch GET 200 https://registry.npmjs.org/archiver 119ms (cache revalidated)
npm http fetch GET 200 https://registry.npmjs.org/axios 138ms (cache revalidated)
npm http fetch GET 200 https://registry.npmjs.org/axios-retry 252ms (cache revalidated)
npm http fetch GET 200 https://registry.npmjs.org/chalk 260ms (cache revalidated)
npm http fetch GET 200 https://registry.npmjs.org/cli-progress 271ms (cache revalidated)
npm http fetch GET 200 https://registry.npmjs.org/async 275ms (cache revalidated)
npm http fetch GET 200 https://registry.npmjs.org/decompress 177ms (cache revalidated)
npm http fetch GET 200 https://registry.npmjs.org/form-data 197ms (cache revalidated)
npm http fetch GET 200 https://registry.npmjs.org/fs-extra 213ms (cache revalidated)
npm http fetch GET 200 https://registry.npmjs.org/glob 182ms (cache revalidated)
npm http fetch GET 200 https://registry.npmjs.org/mkdirp 196ms (cache revalidated)
npm http fetch GET 200 https://registry.npmjs.org/mocha 201ms (cache revalidated)
npm http fetch GET 200 https://registry.npmjs.org/gitconfiglocal 474ms (cache revalidated)
npm http fetch GET 200 https://registry.npmjs.org/node-ipc 200ms (cache revalidated)
npm http fetch GET 200 https://registry.npmjs.org/browserstack-local 935ms (cache revalidated)
npm http fetch GET 200 https://registry.npmjs.org/unzipper 83ms (cache revalidated)
npm http fetch GET 200 https://registry.npmjs.org/tsc-alias 187ms (cache revalidated)
npm http fetch GET 200 https://registry.npmjs.org/table 209ms (cache revalidated)
npm http fetch GET 200 https://registry.npmjs.org/winston 114ms (cache revalidated)
npm http fetch GET 200 https://registry.npmjs.org/update-notifier 179ms (cache revalidated)
npm http fetch GET 200 https://registry.npmjs.org/git-last-commit 848ms (cache revalidated)
npm http fetch GET 200 https://registry.npmjs.org/getmac 863ms (cache revalidated)
npm http fetch GET 200 https://registry.npmjs.org/windows-release 179ms (cache revalidated)
npm http fetch GET 200 https://registry.npmjs.org/git-repo-info 874ms (cache revalidated)
npm http fetch GET 200 https://registry.npmjs.org/uuid 196ms (cache revalidated)
npm http fetch GET 200 https://registry.npmjs.org/dayjs 105ms (cache revalidated)
npm http fetch GET 200 https://registry.npmjs.org/debug 111ms (cache revalidated)
npm http fetch GET 200 https://registry.npmjs.org/yargs 179ms (cache revalidated)
npm http fetch GET 200 https://registry.npmjs.org/tmp 179ms (cache revalidated)
npm http fetch GET 200 https://registry.npmjs.org/arch 225ms (cache revalidated)
npm http fetch GET 200 https://registry.npmjs.org/getos 227ms (cache revalidated)
npm http fetch GET 200 https://registry.npmjs.org/execa 263ms (cache revalidated)
npm http fetch GET 200 https://registry.npmjs.org/yauzl 190ms (cache revalidated)
npm http fetch GET 200 https://registry.npmjs.org/buffer 184ms (cache revalidated)
npm http fetch GET 200 https://registry.npmjs.org/ospath 97ms (cache revalidated)
npm http fetch GET 200 https://registry.npmjs.org/listr2 173ms (cache revalidated)
npm http fetch GET 200 https://registry.npmjs.org/lodash 179ms (cache revalidated)
npm http fetch GET 200 https://registry.npmjs.org/process 100ms (cache revalidated)
npm http fetch GET 200 https://registry.npmjs.org/semver 184ms (cache revalidated)
npm http fetch GET 200 https://registry.npmjs.org/cachedir 169ms (cache revalidated)
npm http fetch GET 200 https://registry.npmjs.org/figures 194ms (cache revalidated)
npm http fetch GET 200 https://registry.npmjs.org/ci-info 220ms (cache revalidated)
npm http fetch GET 200 https://registry.npmjs.org/bluebird 197ms (cache revalidated)
npm http fetch GET 200 https://registry.npmjs.org/enquirer 177ms (cache revalidated)
npm http fetch GET 200 https://registry.npmjs.org/lazy-ass 177ms (cache revalidated)
npm http fetch GET 200 https://registry.npmjs.org/blob-util 99ms (cache revalidated)
npm http fetch GET 200 https://registry.npmjs.org/minimist 189ms (cache revalidated)
npm http fetch GET 200 https://registry.npmjs.org/commander 191ms (cache revalidated)
npm http fetch GET 200 https://registry.npmjs.org/untildify 198ms (cache revalidated)
npm http fetch GET 200 https://registry.npmjs.org/cli-cursor 206ms (cache revalidated)
npm http fetch GET 200 https://registry.npmjs.org/cli-table3 180ms (cache revalidated)
npm http fetch GET 200 https://registry.npmjs.org/tree-kill 287ms (cache revalidated)
npm http fetch GET 200 https://registry.npmjs.org/common-tags 188ms (cache revalidated)
npm http fetch GET 200 https://registry.npmjs.org/executable 224ms (cache revalidated)
npm http fetch GET 200 https://registry.npmjs.org/extract-zip 175ms (cache revalidated)
npm http fetch GET 200 https://registry.npmjs.org/log-symbols 188ms (cache revalidated)
npm http fetch GET 200 https://registry.npmjs.org/pretty-bytes 193ms (cache revalidated)
npm http fetch GET 200 https://registry.npmjs.org/proxy-from-env 169ms (cache revalidated)
npm http fetch GET 200 https://registry.npmjs.org/eventemitter2 201ms (cache revalidated)
npm http fetch GET 200 https://registry.npmjs.org/supports-color 192ms (cache revalidated)
npm http fetch GET 200 https://registry.npmjs.org/check-more-types 187ms (cache revalidated)
npm http fetch GET 200 https://registry.npmjs.org/@types%2fsizzle 330ms (cache revalidated)
npm http fetch GET 200 https://registry.npmjs.org/request-progress 188ms (cache revalidated)
npm http fetch GET 200 https://registry.npmjs.org/mochawesome 121ms (cache revalidated)
npm http fetch GET 200 https://registry.npmjs.org/@cypress%2fxvfb 502ms (cache revalidated)
npm http fetch GET 200 https://registry.npmjs.org/@types%2fsinonjs__fake-timers 218ms (cache revalidated)
npm http fetch GET 200 https://registry.npmjs.org/mochawesome-merge 197ms (cache revalidated)
npm http fetch GET 200 https://registry.npmjs.org/@cypress%2frequest 446ms (cache revalidated)
npm http fetch GET 200 https://registry.npmjs.org/mochawesome-report-generator 176ms (cache revalidated)
npm http fetch GET 200 https://registry.npmjs.org/is-installed-globally 421ms (cache revalidated)
npm http fetch GET 200 https://registry.npmjs.org/readable-stream 104ms (cache revalidated)
npm http fetch GET 200 https://registry.npmjs.org/archiver-utils 133ms (cache revalidated)
npm http fetch GET 200 https://registry.npmjs.org/buffer-crc32 184ms (cache revalidated)
npm http fetch GET 200 https://registry.npmjs.org/follow-redirects 205ms (cache revalidated)
npm http fetch GET 200 https://registry.npmjs.org/tar-stream 210ms (cache revalidated)
npm http fetch GET 200 https://registry.npmjs.org/readdir-glob 218ms (cache revalidated)
npm http fetch GET 200 https://registry.npmjs.org/is-retry-allowed 184ms (cache revalidated)
npm http fetch GET 200 https://registry.npmjs.org/ps-tree 188ms (cache revalidated)
npm http fetch GET 200 https://registry.npmjs.org/@babel%2fruntime 282ms (cache revalidated)
npm http fetch GET 200 https://registry.npmjs.org/agent-base 200ms (cache revalidated)
npm http fetch GET 200 https://registry.npmjs.org/ansi-styles 218ms (cache revalidated)
npm http fetch GET 200 https://registry.npmjs.org/https-proxy-agent 303ms (cache revalidated)
npm http fetch GET 200 https://registry.npmjs.org/decompress-targz 88ms (cache revalidated)
npm http fetch GET 200 https://registry.npmjs.org/decompress-tarbz2 175ms (cache revalidated)
npm http fetch GET 200 https://registry.npmjs.org/decompress-unzip 174ms (cache revalidated)
npm http fetch GET 200 https://registry.npmjs.org/zip-stream 889ms (cache revalidated)
npm http fetch GET 200 https://registry.npmjs.org/graceful-fs 195ms (cache revalidated)
npm http fetch GET 200 https://registry.npmjs.org/temp-fs 769ms (cache revalidated)
npm http fetch GET 200 https://registry.npmjs.org/is-running 828ms (cache revalidated)
npm http fetch GET 200 https://registry.npmjs.org/make-dir 184ms (cache revalidated)
npm http fetch GET 200 https://registry.npmjs.org/pify 184ms (cache revalidated)
npm http fetch GET 200 https://registry.npmjs.org/hasown 183ms (cache revalidated)
npm http fetch GET 200 https://registry.npmjs.org/string-width 832ms (cache revalidated)
npm http fetch GET 200 https://registry.npmjs.org/decompress-tar 832ms (cache revalidated)
npm http fetch GET 200 https://registry.npmjs.org/mime-types 182ms (cache revalidated)
npm http fetch GET 200 https://registry.npmjs.org/asynckit 207ms (cache revalidated)
npm http fetch GET 200 https://registry.npmjs.org/combined-stream 187ms (cache revalidated)
npm http fetch GET 200 https://registry.npmjs.org/es-set-tostringtag 181ms (cache revalidated)
npm http fetch GET 200 https://registry.npmjs.org/jsonfile 182ms (cache revalidated)
npm http fetch GET 200 https://registry.npmjs.org/once 174ms (cache revalidated)
npm http fetch GET 200 https://registry.npmjs.org/universalify 204ms (cache revalidated)
npm http fetch GET 200 https://registry.npmjs.org/ini 221ms (cache revalidated)
npm http fetch GET 200 https://registry.npmjs.org/inflight 179ms (cache revalidated)
npm http fetch GET 200 https://registry.npmjs.org/inherits 191ms (cache revalidated)
npm http fetch GET 200 https://registry.npmjs.org/minimatch 201ms (cache revalidated)
npm http fetch GET 200 https://registry.npmjs.org/fs.realpath 194ms (cache revalidated)
npm http fetch GET 200 https://registry.npmjs.org/path-is-absolute 186ms (cache revalidated)
npm http fetch GET 200 https://registry.npmjs.org/he 183ms (cache revalidated)
npm http fetch GET 200 https://registry.npmjs.org/strip-dirs 807ms (cache revalidated)
npm http fetch GET 200 https://registry.npmjs.org/ms 206ms (cache revalidated)
npm http fetch GET 200 https://registry.npmjs.org/find-up 202ms (cache revalidated)
npm http fetch GET 200 https://registry.npmjs.org/diff 211ms (cache revalidated)
npm http fetch GET 200 https://registry.npmjs.org/js-yaml 212ms (cache revalidated)
npm http fetch GET 200 https://registry.npmjs.org/chokidar 196ms (cache revalidated)
npm http fetch GET 200 https://registry.npmjs.org/@types%2fnode 669ms (cache revalidated)
npm http fetch GET 200 https://registry.npmjs.org/browser-stdout 194ms (cache revalidated)
npm http fetch GET 200 https://registry.npmjs.org/ansi-colors 228ms (cache revalidated)
npm http fetch GET 200 https://registry.npmjs.org/workerpool 280ms (cache revalidated)
npm http fetch GET 200 https://registry.npmjs.org/yargs-parser 214ms (cache revalidated)
npm http fetch GET 200 https://registry.npmjs.org/yargs-unparser 191ms (cache revalidated)
npm http fetch GET 200 https://registry.npmjs.org/escape-string-regexp 116ms (cache revalidated)
npm http fetch GET 200 https://registry.npmjs.org/strip-json-comments 323ms (cache revalidated)
npm http fetch GET 200 https://registry.npmjs.org/serialize-javascript 197ms (cache revalidated)
npm http fetch GET 200 https://registry.npmjs.org/ajv 210ms (cache revalidated)
npm http fetch GET 200 https://registry.npmjs.org/get-tsconfig 63ms (cache revalidated)
npm http fetch GET 200 https://registry.npmjs.org/slice-ansi 180ms (cache revalidated)
npm http fetch GET 200 https://registry.npmjs.org/globby 182ms (cache revalidated)
npm http fetch GET 200 https://registry.npmjs.org/normalize-path 184ms (cache revalidated)
npm http fetch GET 200 https://registry.npmjs.org/duplexer2 187ms (cache revalidated)
npm http fetch GET 200 https://registry.npmjs.org/node-int64 183ms (cache revalidated)
npm http fetch GET 200 https://registry.npmjs.org/pupa 175ms (cache revalidated)
npm http fetch GET 200 https://registry.npmjs.org/boxen 177ms (cache revalidated)
npm http fetch GET 200 https://registry.npmjs.org/js-message 847ms (cache revalidated)
npm http fetch GET 200 https://registry.npmjs.org/js-queue 875ms (cache revalidated)
npm http fetch GET 200 https://registry.npmjs.org/event-pubsub 900ms (cache revalidated)
npm http fetch GET 200 https://registry.npmjs.org/mylas 680ms (cache revalidated)
npm http fetch GET 200 https://registry.npmjs.org/plimit-lit 665ms (cache revalidated)
npm http fetch GET 200 https://registry.npmjs.org/is-in-ci 201ms (cache revalidated)
npm http fetch GET 200 https://registry.npmjs.org/semver-diff 90ms (cache revalidated)
npm http fetch GET 200 https://registry.npmjs.org/configstore 178ms (cache revalidated)
npm http fetch GET 200 https://registry.npmjs.org/import-lazy 193ms (cache revalidated)
npm http fetch GET 200 https://registry.npmjs.org/xdg-basedir 187ms (cache revalidated)
npm http fetch GET 200 https://registry.npmjs.org/latest-version 216ms (cache revalidated)
npm http fetch GET 200 https://registry.npmjs.org/cycle 200ms (cache revalidated)
npm http fetch GET 200 https://registry.npmjs.org/colors 218ms (cache revalidated)
npm http fetch GET 200 https://registry.npmjs.org/isstream 190ms (cache revalidated)
npm http fetch GET 200 https://registry.npmjs.org/stack-trace 184ms (cache revalidated)
npm http fetch GET 200 https://registry.npmjs.org/y18n 176ms (cache revalidated)
npm http fetch GET 200 https://registry.npmjs.org/cliui 220ms (cache revalidated)
npm http fetch GET 200 https://registry.npmjs.org/decamelize 183ms (cache revalidated)
npm http fetch GET 200 https://registry.npmjs.org/set-blocking 179ms (cache revalidated)
npm http fetch GET 200 https://registry.npmjs.org/get-caller-file 108ms (cache revalidated)
npm http fetch GET 200 https://registry.npmjs.org/which-module 198ms (cache revalidated)
npm http fetch GET 200 https://registry.npmjs.org/require-directory 105ms (cache revalidated)
npm http fetch GET 200 https://registry.npmjs.org/require-main-filename 198ms (cache revalidated)
npm http fetch GET 200 https://registry.npmjs.org/is-npm 886ms (cache revalidated)
npm http fetch GET 200 https://registry.npmjs.org/eyes 776ms (cache revalidated)
npm http fetch GET 200 https://registry.npmjs.org/lodash.isplainobject 145ms (cache revalidated)
npm http fetch GET 200 https://registry.npmjs.org/string_decoder 150ms (cache revalidated)
npm http fetch GET 200 https://registry.npmjs.org/lazystream 205ms (cache revalidated)
npm http fetch GET 200 https://registry.npmjs.org/lodash.defaults 207ms (cache revalidated)
npm http fetch GET 200 https://registry.npmjs.org/lodash.difference 210ms (cache revalidated)
npm http fetch GET 200 https://registry.npmjs.org/lodash.flatten 221ms (cache revalidated)
npm http fetch GET 200 https://registry.npmjs.org/util-deprecate 172ms (cache revalidated)
npm http fetch GET 200 https://registry.npmjs.org/bl 203ms (cache revalidated)
npm http fetch GET 200 https://registry.npmjs.org/fs-constants 179ms (cache revalidated)
npm http fetch GET 200 https://registry.npmjs.org/end-of-stream 178ms (cache revalidated)
npm http fetch GET 200 https://registry.npmjs.org/compress-commons 182ms (cache revalidated)
npm http fetch GET 200 https://registry.npmjs.org/lodash.union 858ms (cache revalidated)
npm http fetch GET 200 https://registry.npmjs.org/process-nextick-args 109ms (cache revalidated)
npm http fetch GET 200 https://registry.npmjs.org/core-util-is 191ms (cache revalidated)
npm http fetch GET 200 https://registry.npmjs.org/isarray 195ms (cache revalidated)
npm http fetch GET 200 https://registry.npmjs.org/safe-buffer 199ms (cache revalidated)
npm http fetch GET 200 https://registry.npmjs.org/event-stream 184ms (cache revalidated)
npm http fetch GET 200 https://registry.npmjs.org/rimraf 206ms (cache revalidated)
npm http fetch GET 200 https://registry.npmjs.org/has-flag 213ms (cache revalidated)
npm http fetch GET 200 https://registry.npmjs.org/color-convert 414ms (cache revalidated)
npm http fetch GET 200 https://registry.npmjs.org/color-name 175ms (cache revalidated)
npm http fetch GET 200 https://registry.npmjs.org/strip-ansi 186ms (cache revalidated)
npm http fetch GET 200 https://registry.npmjs.org/is-fullwidth-code-point 190ms (cache revalidated)
npm http fetch GET 200 https://registry.npmjs.org/emoji-regex 214ms (cache revalidated)
npm http fetch GET 200 https://registry.npmjs.org/caseless 192ms (cache revalidated)
npm http fetch GET 200 https://registry.npmjs.org/aws-sign2 195ms (cache revalidated)
npm http fetch GET 200 https://registry.npmjs.org/extend 196ms (cache revalidated)
npm http fetch GET 200 https://registry.npmjs.org/forever-agent 201ms (cache revalidated)
npm http fetch GET 200 https://registry.npmjs.org/is-typedarray 202ms (cache revalidated)
npm http fetch GET 200 https://registry.npmjs.org/http-signature 212ms (cache revalidated)
npm http fetch GET 200 https://registry.npmjs.org/aws4 221ms (cache revalidated)
npm http fetch GET 200 https://registry.npmjs.org/json-stringify-safe 116ms (cache revalidated)
npm http fetch GET 200 https://registry.npmjs.org/tunnel-agent 107ms (cache revalidated)
npm http fetch GET 200 https://registry.npmjs.org/qs 181ms (cache revalidated)
npm http fetch GET 200 https://registry.npmjs.org/performance-now 199ms (cache revalidated)
npm http fetch GET 200 https://registry.npmjs.org/lodash.once 189ms (cache revalidated)
npm http fetch GET 200 https://registry.npmjs.org/tough-cookie 207ms (cache revalidated)
npm http fetch GET 200 https://registry.npmjs.org/restore-cursor 101ms (cache revalidated)
npm http fetch GET 200 https://registry.npmjs.org/base64-js 208ms (cache revalidated)
npm http fetch GET 200 https://registry.npmjs.org/ieee754 205ms (cache revalidated)
npm http fetch GET 200 https://registry.npmjs.org/cross-spawn 117ms (cache revalidated)
npm http fetch GET 200 https://registry.npmjs.org/is-stream 190ms (cache revalidated)
npm http fetch GET 200 https://registry.npmjs.org/onetime 200ms (cache revalidated)
npm http fetch GET 200 https://registry.npmjs.org/signal-exit 168ms (cache revalidated)
npm http fetch GET 200 https://registry.npmjs.org/get-stream 194ms (cache revalidated)
npm http fetch GET 200 https://registry.npmjs.org/get-stream 71ms (cache revalidated)
npm http fetch GET 200 https://registry.npmjs.org/merge-stream 210ms (cache revalidated)
npm http fetch GET 200 https://registry.npmjs.org/npm-run-path 203ms (cache revalidated)
npm http fetch GET 200 https://registry.npmjs.org/human-signals 206ms (cache revalidated)
npm http fetch GET 200 https://registry.npmjs.org/@types%2fyauzl 207ms (cache revalidated)
npm http fetch GET 200 https://registry.npmjs.org/at-least-node 202ms (cache revalidated)
npm http fetch GET 200 https://registry.npmjs.org/global-dirs 170ms (cache revalidated)
npm http fetch GET 200 https://registry.npmjs.org/@colors%2fcolors 518ms (cache revalidated)
npm http fetch GET 200 https://registry.npmjs.org/is-path-inside 173ms (cache revalidated)
npm http fetch GET 200 https://registry.npmjs.org/rfdc 189ms (cache revalidated)
npm http fetch GET 200 https://registry.npmjs.org/rxjs 193ms (cache revalidated)
npm http fetch GET 200 https://registry.npmjs.org/p-map 183ms (cache revalidated)
npm http fetch GET 200 https://registry.npmjs.org/colorette 185ms (cache revalidated)
npm http fetch GET 200 https://registry.npmjs.org/wrap-ansi 184ms (cache revalidated)
npm http fetch GET 200 https://registry.npmjs.org/through 204ms (cache revalidated)
npm http fetch GET 200 https://registry.npmjs.org/log-update 195ms (cache revalidated)
npm http fetch GET 200 https://registry.npmjs.org/cli-truncate 184ms (cache revalidated)
npm http fetch GET 200 https://registry.npmjs.org/is-unicode-supported 196ms (cache revalidated)
npm http fetch GET 200 https://registry.npmjs.org/throttleit 195ms (cache revalidated)
npm http fetch GET 200 https://registry.npmjs.org/fd-slicer 201ms (cache revalidated)
npm http fetch GET 200 https://registry.npmjs.org/strip-final-newline 839ms (cache revalidated)
npm http fetch GET 200 https://registry.npmjs.org/jsprim 121ms (cache revalidated)
npm http fetch GET 200 https://registry.npmjs.org/side-channel 160ms (cache revalidated)
npm http fetch GET 200 https://registry.npmjs.org/delayed-stream 191ms (cache revalidated)
npm http fetch GET 200 https://registry.npmjs.org/mime-db 200ms (cache revalidated)
npm http fetch GET 200 https://registry.npmjs.org/sshpk 206ms (cache revalidated)
npm http fetch GET 200 https://registry.npmjs.org/tldts 231ms (cache revalidated)
npm http fetch GET 200 https://registry.npmjs.org/assert-plus 263ms (cache revalidated)
npm http fetch GET 200 https://registry.npmjs.org/lodash.isobject 196ms (cache revalidated)
npm http fetch GET 200 https://registry.npmjs.org/dateformat 201ms (cache revalidated)
npm http fetch GET 200 https://registry.npmjs.org/escape-html 208ms (cache revalidated)
npm http fetch GET 200 https://registry.npmjs.org/lodash.isstring 213ms (cache revalidated)
npm http fetch GET 200 https://registry.npmjs.org/lodash.isfunction 216ms (cache revalidated)
npm http fetch GET 200 https://registry.npmjs.org/lodash.isempty 225ms (cache revalidated)
npm http fetch GET 200 https://registry.npmjs.org/fsu 229ms (cache revalidated)
npm http fetch GET 200 https://registry.npmjs.org/lodash.isfunction 57ms (cache revalidated)
npm http fetch GET 200 https://registry.npmjs.org/opener 109ms (cache revalidated)
npm http fetch GET 200 https://registry.npmjs.org/prop-types 189ms (cache revalidated)
npm http fetch GET 200 https://registry.npmjs.org/tcomb 190ms (cache revalidated)
npm http fetch GET 200 https://registry.npmjs.org/tcomb-validation 196ms (cache revalidated)
npm http fetch GET 200 https://registry.npmjs.org/validator 193ms (cache revalidated)
npm http fetch GET 200 https://registry.npmjs.org/seek-bzip 122ms (cache revalidated)
npm http fetch GET 200 https://registry.npmjs.org/unbzip2-stream 202ms (cache revalidated)
npm http fetch GET 200 https://registry.npmjs.org/file-type 217ms (cache revalidated)
npm http fetch GET 200 https://registry.npmjs.org/file-type 225ms (cache revalidated)
npm http fetch GET 200 https://registry.npmjs.org/file-type 238ms (cache revalidated)
npm http fetch GET 200 https://registry.npmjs.org/is-natural-number 235ms (cache revalidated)
npm http fetch GET 200 https://registry.npmjs.org/file-type 254ms (cache revalidated)
npm http fetch GET 200 https://registry.npmjs.org/xtend 181ms (cache revalidated)
npm http fetch GET 200 https://registry.npmjs.org/buffer-alloc 197ms (cache revalidated)
npm http fetch GET 200 https://registry.npmjs.org/to-buffer 870ms (cache revalidated)
npm http fetch GET 200 https://registry.npmjs.org/object-assign 171ms (cache revalidated)
npm http fetch GET 200 https://registry.npmjs.org/pinkie-promise 179ms (cache revalidated)
npm http fetch GET 200 https://registry.npmjs.org/ansi-regex 184ms (cache revalidated)
npm http fetch GET 200 https://registry.npmjs.org/pump 186ms (cache revalidated)
npm http fetch GET 200 https://registry.npmjs.org/which 193ms (cache revalidated)
npm http fetch GET 200 https://registry.npmjs.org/path-key 199ms (cache revalidated)
npm http fetch GET 200 https://registry.npmjs.org/path-key 199ms (cache revalidated)
npm http fetch GET 200 https://registry.npmjs.org/shebang-command 211ms (cache revalidated)
npm http fetch GET 200 https://registry.npmjs.org/mimic-fn 214ms (cache revalidated)
npm http fetch GET 200 https://registry.npmjs.org/shebang-regex 179ms (cache revalidated)
npm http fetch GET 200 https://registry.npmjs.org/isexe 182ms (cache revalidated)
npm http fetch GET 200 https://registry.npmjs.org/@types%2fnode 32ms (cache hit)
npm http fetch GET 200 https://registry.npmjs.org/undici-types 178ms (cache revalidated)
npm http fetch GET 200 https://registry.npmjs.org/es-errors 170ms (cache revalidated)
npm http fetch GET 200 https://registry.npmjs.org/get-intrinsic 181ms (cache revalidated)
npm http fetch GET 200 https://registry.npmjs.org/has-tostringtag 202ms (cache revalidated)
npm http fetch GET 200 https://registry.npmjs.org/function-bind 208ms (cache revalidated)
npm http fetch GET 200 https://registry.npmjs.org/math-intrinsics 122ms (cache revalidated)
npm http fetch GET 200 https://registry.npmjs.org/call-bind-apply-helpers 173ms (cache revalidated)
npm http fetch GET 200 https://registry.npmjs.org/has-symbols 66ms (cache revalidated)
npm http fetch GET 200 https://registry.npmjs.org/has-symbols 198ms (cache revalidated)
npm http fetch GET 200 https://registry.npmjs.org/gopd 202ms (cache revalidated)
npm http fetch GET 200 https://registry.npmjs.org/get-proto 204ms (cache revalidated)
npm http fetch GET 200 https://registry.npmjs.org/es-define-property 221ms (cache revalidated)
npm http fetch GET 200 https://registry.npmjs.org/es-object-atoms 264ms (cache revalidated)
npm http fetch GET 200 https://registry.npmjs.org/dunder-proto 91ms (cache revalidated)
npm http fetch GET 200 https://registry.npmjs.org/pinkie 201ms (cache revalidated)
npm http fetch GET 200 https://registry.npmjs.org/wrappy 140ms (cache revalidated)
npm http fetch GET 200 https://registry.npmjs.org/wrappy 157ms (cache revalidated)
npm http fetch GET 200 https://registry.npmjs.org/brace-expansion 190ms (cache revalidated)
npm http fetch GET 200 https://registry.npmjs.org/extsprintf 105ms (cache revalidated)
npm http fetch GET 200 https://registry.npmjs.org/asn1 183ms (cache revalidated)
npm http fetch GET 200 https://registry.npmjs.org/jsbn 195ms (cache revalidated)
npm http fetch GET 200 https://registry.npmjs.org/dashdash 199ms (cache revalidated)
npm http fetch GET 200 https://registry.npmjs.org/verror 209ms (cache revalidated)
npm http fetch GET 200 https://registry.npmjs.org/json-schema 215ms (cache revalidated)
npm http fetch GET 200 https://registry.npmjs.org/getpass 226ms (cache revalidated)
npm http fetch GET 200 https://registry.npmjs.org/ecc-jsbn 198ms (cache revalidated)
npm http fetch GET 200 https://registry.npmjs.org/safer-buffer 206ms (cache revalidated)
npm http fetch GET 200 https://registry.npmjs.org/bcrypt-pbkdf 217ms (cache revalidated)
npm http fetch GET 200 https://registry.npmjs.org/tweetnacl 487ms (cache revalidated)
npm http fetch GET 200 https://registry.npmjs.org/tslib 191ms (cache revalidated)
npm http fetch GET 200 https://registry.npmjs.org/aggregate-error 203ms (cache revalidated)
npm http fetch GET 200 https://registry.npmjs.org/ansi-escapes 206ms (cache revalidated)
npm http fetch GET 200 https://registry.npmjs.org/astral-regex 95ms (cache revalidated)
npm http fetch GET 200 https://registry.npmjs.org/type-fest 114ms (cache revalidated)
npm http fetch GET 200 https://registry.npmjs.org/balanced-match 184ms (cache revalidated)
npm http fetch GET 200 https://registry.npmjs.org/concat-map 188ms (cache revalidated)
npm http fetch GET 200 https://registry.npmjs.org/fsevents 77ms (cache revalidated)
npm http fetch GET 200 https://registry.npmjs.org/is-glob 111ms (cache revalidated)
npm http fetch GET 200 https://registry.npmjs.org/is-binary-path 192ms (cache revalidated)
npm http fetch GET 200 https://registry.npmjs.org/braces 199ms (cache revalidated)
npm http fetch GET 200 https://registry.npmjs.org/readdirp 212ms (cache revalidated)
npm http fetch GET 200 https://registry.npmjs.org/anymatch 222ms (cache revalidated)
npm http fetch GET 200 https://registry.npmjs.org/glob-parent 240ms (cache revalidated)
npm http fetch GET 200 https://registry.npmjs.org/locate-path 175ms (cache revalidated)
npm http fetch GET 200 https://registry.npmjs.org/randombytes 99ms (cache revalidated)
npm http fetch GET 200 https://registry.npmjs.org/path-exists 198ms (cache revalidated)
npm http fetch GET 200 https://registry.npmjs.org/argparse 198ms (cache revalidated)
npm http fetch GET 200 https://registry.npmjs.org/camelcase 193ms (cache revalidated)
npm http fetch GET 200 https://registry.npmjs.org/escalade 205ms (cache revalidated)
npm http fetch GET 200 https://registry.npmjs.org/flat 202ms (cache revalidated)
npm http fetch GET 200 https://registry.npmjs.org/is-plain-obj 211ms (cache revalidated)
npm http fetch GET 200 https://registry.npmjs.org/fill-range 181ms (cache revalidated)
npm http fetch GET 200 https://registry.npmjs.org/picomatch 187ms (cache revalidated)
npm http fetch GET 200 https://registry.npmjs.org/picomatch 189ms (cache revalidated)
npm http fetch GET 200 https://registry.npmjs.org/binary-extensions 196ms (cache revalidated)
npm http fetch GET 200 https://registry.npmjs.org/is-extglob 229ms (cache revalidated)
npm http fetch GET 200 https://registry.npmjs.org/to-regex-range 191ms (cache revalidated)
npm http fetch GET 200 https://registry.npmjs.org/is-number 185ms (cache revalidated)
npm http fetch GET 200 https://registry.npmjs.org/p-locate 194ms (cache revalidated)
npm http fetch GET 200 https://registry.npmjs.org/p-limit 113ms (cache revalidated)
npm http fetch GET 200 https://registry.npmjs.org/jackspeak 114ms (cache revalidated)
npm http fetch GET 200 https://registry.npmjs.org/package-json-from-dist 189ms (cache revalidated)
npm http fetch GET 200 https://registry.npmjs.org/minipass 190ms (cache revalidated)
npm http fetch GET 200 https://registry.npmjs.org/foreground-child 207ms (cache revalidated)
npm http fetch GET 200 https://registry.npmjs.org/path-scurry 205ms (cache revalidated)
npm http fetch GET 200 https://registry.npmjs.org/loose-envify 180ms (cache revalidated)
npm http fetch GET 200 https://registry.npmjs.org/react-is 224ms (cache revalidated)
npm http fetch GET 200 https://registry.npmjs.org/easy-stack 115ms (cache revalidated)
npm http fetch GET 200 https://registry.npmjs.org/yocto-queue 92ms (cache revalidated)
npm http fetch GET 200 https://registry.npmjs.org/clean-stack 182ms (cache revalidated)
npm http fetch GET 200 https://registry.npmjs.org/indent-string 187ms (cache revalidated)
npm http fetch GET 200 https://registry.npmjs.org/js-tokens 191ms (cache revalidated)
npm http fetch GET 200 https://registry.npmjs.org/split 136ms (cache revalidated)
npm http fetch GET 200 https://registry.npmjs.org/duplexer 153ms (cache revalidated)
npm http fetch GET 200 https://registry.npmjs.org/stream-combiner 209ms (cache revalidated)
npm http fetch GET 200 https://registry.npmjs.org/pause-stream 219ms (cache revalidated)
npm http fetch GET 200 https://registry.npmjs.org/map-stream 220ms (cache revalidated)
npm http fetch GET 200 https://registry.npmjs.org/from 256ms (cache revalidated)
npm http fetch GET 200 https://registry.npmjs.org/side-channel-list 103ms (cache revalidated)
npm http fetch GET 200 https://registry.npmjs.org/side-channel-map 184ms (cache revalidated)
npm http fetch GET 200 https://registry.npmjs.org/side-channel-weakmap 188ms (cache revalidated)
npm http fetch GET 200 https://registry.npmjs.org/object-inspect 200ms (cache revalidated)
npm http fetch GET 200 https://registry.npmjs.org/call-bound 186ms (cache revalidated)
npm http fetch GET 200 https://registry.npmjs.org/call-bound 212ms (cache revalidated)
npm http fetch GET 200 https://registry.npmjs.org/fast-json-stable-stringify 194ms (cache revalidated)
npm http fetch GET 200 https://registry.npmjs.org/fast-deep-equal 195ms (cache revalidated)
npm http fetch GET 200 https://registry.npmjs.org/uri-js 196ms (cache revalidated)
npm http fetch GET 200 https://registry.npmjs.org/json-schema-traverse 417ms (cache revalidated)
npm http fetch GET 200 https://registry.npmjs.org/punycode 183ms (cache revalidated)
npm http fetch GET 200 https://registry.npmjs.org/tldts-core 207ms (cache revalidated)
npm http fetch GET 200 https://registry.npmjs.org/resolve-pkg-maps 53ms (cache revalidated)
npm http fetch GET 200 https://registry.npmjs.org/array-union 135ms (cache revalidated)
npm http fetch GET 200 https://registry.npmjs.org/slash 174ms (cache revalidated)
npm http fetch GET 200 https://registry.npmjs.org/merge2 195ms (cache revalidated)
npm http fetch GET 200 https://registry.npmjs.org/ignore 197ms (cache revalidated)
npm http fetch GET 200 https://registry.npmjs.org/fast-glob 204ms (cache revalidated)
npm http fetch GET 200 https://registry.npmjs.org/dir-glob 474ms (cache revalidated)
npm http fetch GET 200 https://registry.npmjs.org/queue-lit 861ms (cache revalidated)
npm http fetch GET 200 https://registry.npmjs.org/path-type 192ms (cache revalidated)
npm http fetch GET 200 https://registry.npmjs.org/micromatch 213ms (cache revalidated)
npm http fetch GET 200 https://registry.npmjs.org/@nodelib%2ffs.stat 279ms (cache revalidated)
npm http fetch GET 200 https://registry.npmjs.org/@nodelib%2ffs.walk 337ms (cache revalidated)
npm http fetch GET 200 https://registry.npmjs.org/@nodelib%2ffs.scandir 267ms (cache revalidated)
npm http fetch GET 200 https://registry.npmjs.org/fastq 361ms (cache revalidated)
npm http fetch GET 200 https://registry.npmjs.org/reusify 180ms (cache revalidated)
npm http fetch GET 200 https://registry.npmjs.org/run-parallel 193ms (cache revalidated)
npm http fetch GET 200 https://registry.npmjs.org/queue-microtask 181ms (cache revalidated)
npm http fetch GET 200 https://registry.npmjs.org/widest-line 125ms (cache revalidated)
npm http fetch GET 200 https://registry.npmjs.org/cli-boxes 205ms (cache revalidated)
npm http fetch GET 200 https://registry.npmjs.org/unique-string 208ms (cache revalidated)
npm http fetch GET 200 https://registry.npmjs.org/dot-prop 215ms (cache revalidated)
npm http fetch GET 200 https://registry.npmjs.org/ansi-align 220ms (cache revalidated)
npm http fetch GET 200 https://registry.npmjs.org/package-json 218ms (cache revalidated)
npm http fetch GET 200 https://registry.npmjs.org/write-file-atomic 237ms (cache revalidated)
npm http fetch GET 200 https://registry.npmjs.org/escape-goat 197ms (cache revalidated)
npm http fetch GET 200 https://registry.npmjs.org/eastasianwidth 208ms (cache revalidated)
npm http fetch GET 200 https://registry.npmjs.org/imurmurhash 181ms (cache revalidated)
npm http fetch GET 200 https://registry.npmjs.org/is-obj 190ms (cache revalidated)
npm http fetch GET 200 https://registry.npmjs.org/typedarray-to-buffer 209ms (cache revalidated)
npm http fetch GET 200 https://registry.npmjs.org/crypto-random-string 212ms (cache revalidated)
npm http fetch GET 200 https://registry.npmjs.org/registry-url 100ms (cache revalidated)
npm http fetch GET 200 https://registry.npmjs.org/got 172ms (cache revalidated)
npm http fetch GET 200 https://registry.npmjs.org/registry-auth-token 207ms (cache revalidated)
npm http fetch GET 200 https://registry.npmjs.org/p-cancelable 191ms (cache revalidated)
npm http fetch GET 200 https://registry.npmjs.org/responselike 217ms (cache revalidated)
npm http fetch GET 200 https://registry.npmjs.org/http2-wrapper 222ms (cache revalidated)
npm http fetch GET 200 https://registry.npmjs.org/cacheable-request 230ms (cache revalidated)
npm http fetch GET 200 https://registry.npmjs.org/cacheable-lookup 239ms (cache revalidated)
npm http fetch GET 200 https://registry.npmjs.org/form-data-encoder 177ms (cache revalidated)
npm http fetch GET 200 https://registry.npmjs.org/decompress-response 205ms (cache revalidated)
npm http fetch GET 200 https://registry.npmjs.org/rc 253ms (cache revalidated)
npm http fetch GET 200 https://registry.npmjs.org/@sindresorhus%2fis 530ms (cache revalidated)
npm http fetch GET 200 https://registry.npmjs.org/@pnpm%2fnpm-conf 529ms (cache revalidated)
npm http fetch GET 200 https://registry.npmjs.org/@szmarczak%2fhttp-timer 555ms (cache revalidated)
npm http fetch GET 200 https://registry.npmjs.org/lowercase-keys 864ms (cache revalidated)
npm http fetch GET 200 https://registry.npmjs.org/defer-to-connect 200ms (cache revalidated)
npm http fetch GET 200 https://registry.npmjs.org/mimic-response 204ms (cache revalidated)
npm http fetch GET 200 https://registry.npmjs.org/keyv 208ms (cache revalidated)
npm http fetch GET 200 https://registry.npmjs.org/mimic-response 215ms (cache revalidated)
npm http fetch GET 200 https://registry.npmjs.org/normalize-url 221ms (cache revalidated)
npm http fetch GET 200 https://registry.npmjs.org/http-cache-semantics 228ms (cache revalidated)
npm http fetch GET 200 https://registry.npmjs.org/@types%2fhttp-cache-semantics 343ms (cache revalidated)
npm http fetch GET 200 https://registry.npmjs.org/quick-lru 196ms (cache revalidated)
npm http fetch GET 200 https://registry.npmjs.org/resolve-alpn 195ms (cache revalidated)
npm http fetch GET 200 https://registry.npmjs.org/json-buffer 121ms (cache revalidated)
npm http fetch GET 200 https://registry.npmjs.org/@pnpm%2fnetwork.ca-file 521ms (cache revalidated)
npm http fetch GET 200 https://registry.npmjs.org/@pnpm%2fconfig.env-replace 523ms (cache revalidated)
npm http fetch GET 200 https://registry.npmjs.org/config-chain 884ms (cache revalidated)
npm http fetch GET 200 https://registry.npmjs.org/proto-list 200ms (cache revalidated)
npm http fetch GET 200 https://registry.npmjs.org/deep-extend 207ms (cache revalidated)
npm http fetch GET 200 https://registry.npmjs.org/pend 186ms (cache revalidated)
npm http fetch GET 200 https://registry.npmjs.org/crc32-stream 216ms (cache revalidated)
npm http fetch GET 200 https://registry.npmjs.org/crc-32 213ms (cache revalidated)
npm http fetch GET 200 https://registry.npmjs.org/buffer-fill 203ms (cache revalidated)
npm http fetch GET 200 https://registry.npmjs.org/typed-array-buffer 206ms (cache revalidated)
npm http fetch GET 200 https://registry.npmjs.org/buffer-alloc-unsafe 213ms (cache revalidated)
npm http fetch GET 200 https://registry.npmjs.org/is-typed-array 182ms (cache revalidated)
npm http fetch GET 200 https://registry.npmjs.org/which-typed-array 91ms (cache revalidated)
npm http fetch GET 200 https://registry.npmjs.org/available-typed-arrays 187ms (cache revalidated)
npm http fetch GET 200 https://registry.npmjs.org/call-bind 200ms (cache revalidated)
npm http fetch GET 200 https://registry.npmjs.org/for-each 209ms (cache revalidated)
npm http fetch GET 200 https://registry.npmjs.org/is-callable 186ms (cache revalidated)
npm http fetch GET 200 https://registry.npmjs.org/possible-typed-array-names 195ms (cache revalidated)
npm http fetch GET 200 https://registry.npmjs.org/set-function-length 262ms (cache revalidated)
npm http fetch GET 200 https://registry.npmjs.org/define-data-property 183ms (cache revalidated)
npm http fetch GET 200 https://registry.npmjs.org/has-property-descriptors 190ms (cache revalidated)
npm http fetch GET 200 https://registry.npmjs.org/lru-cache 192ms (cache revalidated)
npm http fetch GET 200 https://registry.npmjs.org/@isaacs%2fcliui 369ms (cache revalidated)
npm http fetch GET 200 https://registry.npmjs.org/@isaacs%2fbrace-expansion 502ms (cache revalidated)
npm http fetch GET 200 https://registry.npmjs.org/@isaacs%2fbalanced-match 543ms (cache revalidated)
npm http fetch GET 200 https://registry.npmjs.org/p-try 231ms (cache revalidated)
npm verbose reify failed optional dependency C:\Users\AnaLígiaBragagnolo\Ana-Pos\pgats-automacao-web\tmpBstackPackages\node_modules\fsevents
npm http fetch POST 200 https://registry.npmjs.org/-/npm/v1/security/advisories/bulk 1063ms
npm warn deprecated inflight@1.0.6: This module is not supported, and leaks memory. Do not use it. Check out lru-cache if you want a good and tested way to coalesce async requests by a key value, which is much more comprehensive and powerful.
npm warn deprecated rimraf@2.5.4: Rimraf versions prior to v4 are no longer supported
npm warn deprecated glob@7.2.3: Glob versions prior to v9 are no longer supported
npm warn deprecated glob@8.1.0: Glob versions prior to v9 are no longer supported
npm http fetch GET 200 https://registry.npmjs.org/validator 1057ms (cache revalidated)
npm http fetch GET 200 https://registry.npmjs.org/mochawesome-report-generator 436ms (cache revalidated)
npm http fetch GET 200 https://registry.npmjs.org/mochawesome 438ms (cache revalidated)
npm http fetch GET 200 https://registry.npmjs.org/cypress-mochawesome-reporter 462ms (cache revalidated)
npm info run cypress@13.17.0 postinstall node_modules/cypress node index.js --exec install
npm info run cypress@13.17.0 postinstall { code: 0, signal: null }

added 561 packages, and audited 562 packages in 42s

119 packages are looking for funding
  run `npm fund` for details

4 moderate severity vulnerabilities

To address issues that do not require attention, run:
  npm audit fix

Some issues need review, and may require choosing
a different dependency.

Run `npm audit` for details.
npm verbose cwd C:\Users\AnaLígiaBragagnolo\Ana-Pos\pgats-automacao-web\tmpBstackPackages
npm verbose os Windows_NT 10.0.26200
npm verbose node v22.12.0
npm verbose npm  v10.9.0
npm verbose exit 0
npm info ok
